[debug] [2025-08-26T23:12:39.013Z] ----------------------------------------------------------------------
[debug] [2025-08-26T23:12:39.017Z] Command:       /usr/local/bin/node /usr/local/bin/firebase deploy --only functions
[debug] [2025-08-26T23:12:39.018Z] CLI Version:   14.14.0
[debug] [2025-08-26T23:12:39.018Z] Platform:      darwin
[debug] [2025-08-26T23:12:39.018Z] Node Version:  v22.14.0
[debug] [2025-08-26T23:12:39.018Z] Time:          Tue Aug 26 2025 19:12:39 GMT-0400 (Eastern Daylight Time)
[debug] [2025-08-26T23:12:39.018Z] ----------------------------------------------------------------------
[debug] 
[debug] [2025-08-26T23:12:39.115Z] > command requires scopes: ["email","openid","https://www.googleapis.com/auth/cloudplatformprojects.readonly","https://www.googleapis.com/auth/firebase","https://www.googleapis.com/auth/cloud-platform"]
[debug] [2025-08-26T23:12:39.115Z] > authorizing via signed-in user (Alert@jetnotify.com)
[debug] [2025-08-26T23:12:39.115Z] [iam] checking project jetnotify-6f46b for permissions ["cloudfunctions.functions.create","cloudfunctions.functions.delete","cloudfunctions.functions.get","cloudfunctions.functions.list","cloudfunctions.functions.update","cloudfunctions.operations.get","firebase.projects.get"]
[debug] [2025-08-26T23:12:39.116Z] Checked if tokens are valid: true, expires at: 1756252400785
[debug] [2025-08-26T23:12:39.116Z] Checked if tokens are valid: true, expires at: 1756252400785
[debug] [2025-08-26T23:12:39.116Z] >>> [apiv2][query] POST https://cloudresourcemanager.googleapis.com/v1/projects/jetnotify-6f46b:testIamPermissions [none]
[debug] [2025-08-26T23:12:39.116Z] >>> [apiv2][(partial)header] POST https://cloudresourcemanager.googleapis.com/v1/projects/jetnotify-6f46b:testIamPermissions x-goog-quota-user=projects/jetnotify-6f46b
[debug] [2025-08-26T23:12:39.116Z] >>> [apiv2][body] POST https://cloudresourcemanager.googleapis.com/v1/projects/jetnotify-6f46b:testIamPermissions {"permissions":["cloudfunctions.functions.create","cloudfunctions.functions.delete","cloudfunctions.functions.get","cloudfunctions.functions.list","cloudfunctions.functions.update","cloudfunctions.operations.get","firebase.projects.get"]}
[debug] [2025-08-26T23:12:39.287Z] <<< [apiv2][status] POST https://cloudresourcemanager.googleapis.com/v1/projects/jetnotify-6f46b:testIamPermissions 200
[debug] [2025-08-26T23:12:39.287Z] <<< [apiv2][body] POST https://cloudresourcemanager.googleapis.com/v1/projects/jetnotify-6f46b:testIamPermissions {"permissions":["cloudfunctions.functions.create","cloudfunctions.functions.delete","cloudfunctions.functions.get","cloudfunctions.functions.list","cloudfunctions.functions.update","cloudfunctions.operations.get","firebase.projects.get"]}
[debug] [2025-08-26T23:12:39.287Z] Checked if tokens are valid: true, expires at: 1756252400785
[debug] [2025-08-26T23:12:39.287Z] Checked if tokens are valid: true, expires at: 1756252400785
[debug] [2025-08-26T23:12:39.288Z] >>> [apiv2][query] POST https://iam.googleapis.com/v1/projects/jetnotify-6f46b/serviceAccounts/jetnotify-6f46b@appspot.gserviceaccount.com:testIamPermissions [none]
[debug] [2025-08-26T23:12:39.288Z] >>> [apiv2][body] POST https://iam.googleapis.com/v1/projects/jetnotify-6f46b/serviceAccounts/jetnotify-6f46b@appspot.gserviceaccount.com:testIamPermissions {"permissions":["iam.serviceAccounts.actAs"]}
[debug] [2025-08-26T23:12:39.478Z] <<< [apiv2][status] POST https://iam.googleapis.com/v1/projects/jetnotify-6f46b/serviceAccounts/jetnotify-6f46b@appspot.gserviceaccount.com:testIamPermissions 200
[debug] [2025-08-26T23:12:39.479Z] <<< [apiv2][body] POST https://iam.googleapis.com/v1/projects/jetnotify-6f46b/serviceAccounts/jetnotify-6f46b@appspot.gserviceaccount.com:testIamPermissions {"permissions":["iam.serviceAccounts.actAs"]}
[info] 
[info] === Deploying to 'jetnotify-6f46b'...
[info] 
[info] i  deploying functions 
[debug] [2025-08-26T23:12:39.484Z] Checked if tokens are valid: true, expires at: 1756252400785
[debug] [2025-08-26T23:12:39.484Z] Checked if tokens are valid: true, expires at: 1756252400785
[debug] [2025-08-26T23:12:39.484Z] >>> [apiv2][query] GET https://cloudresourcemanager.googleapis.com/v1/projects/jetnotify-6f46b [none]
[debug] [2025-08-26T23:12:39.627Z] <<< [apiv2][status] GET https://cloudresourcemanager.googleapis.com/v1/projects/jetnotify-6f46b 200
[debug] [2025-08-26T23:12:39.627Z] <<< [apiv2][body] GET https://cloudresourcemanager.googleapis.com/v1/projects/jetnotify-6f46b {"projectNumber":"914858025485","projectId":"jetnotify-6f46b","lifecycleState":"ACTIVE","name":"JetNotify","labels":{"firebase":"enabled","firebase-core":"disabled"},"createTime":"2025-03-08T20:00:12.310181Z","parent":{"type":"organization","id":"1069611854828"}}
[info] i  functions: preparing codebase default for deployment 
[info] i  functions: ensuring required API cloudfunctions.googleapis.com is enabled... 
[info] i  functions: ensuring required API cloudbuild.googleapis.com is enabled... 
[info] i  artifactregistry: ensuring required API artifactregistry.googleapis.com is enabled... 
[debug] [2025-08-26T23:12:39.630Z] Checked if tokens are valid: true, expires at: 1756252400785
[debug] [2025-08-26T23:12:39.630Z] Checked if tokens are valid: true, expires at: 1756252400785
[debug] [2025-08-26T23:12:39.630Z] >>> [apiv2][query] GET https://firebase.googleapis.com/v1beta1/projects/jetnotify-6f46b/adminSdkConfig [none]
[debug] [2025-08-26T23:12:40.123Z] <<< [apiv2][status] GET https://firebase.googleapis.com/v1beta1/projects/jetnotify-6f46b/adminSdkConfig 200
[debug] [2025-08-26T23:12:40.123Z] <<< [apiv2][body] GET https://firebase.googleapis.com/v1beta1/projects/jetnotify-6f46b/adminSdkConfig {"projectId":"jetnotify-6f46b","storageBucket":"jetnotify-6f46b.firebasestorage.app"}
[debug] [2025-08-26T23:12:40.124Z] Checked if tokens are valid: true, expires at: 1756252400785
[debug] [2025-08-26T23:12:40.124Z] Checked if tokens are valid: true, expires at: 1756252400785
[debug] [2025-08-26T23:12:40.124Z] >>> [apiv2][query] GET https://runtimeconfig.googleapis.com/v1beta1/projects/jetnotify-6f46b/configs [none]
[debug] [2025-08-26T23:12:40.326Z] <<< [apiv2][status] GET https://runtimeconfig.googleapis.com/v1beta1/projects/jetnotify-6f46b/configs 200
[debug] [2025-08-26T23:12:40.326Z] <<< [apiv2][body] GET https://runtimeconfig.googleapis.com/v1beta1/projects/jetnotify-6f46b/configs {"configs":[{"name":"projects/jetnotify-6f46b/configs/sheets"},{"name":"projects/jetnotify-6f46b/configs/security"}]}
[debug] [2025-08-26T23:12:40.326Z] Checked if tokens are valid: true, expires at: 1756252400785
[debug] [2025-08-26T23:12:40.326Z] Checked if tokens are valid: true, expires at: 1756252400785
[debug] [2025-08-26T23:12:40.326Z] Checked if tokens are valid: true, expires at: 1756252400785
[debug] [2025-08-26T23:12:40.326Z] Checked if tokens are valid: true, expires at: 1756252400785
[debug] [2025-08-26T23:12:40.326Z] >>> [apiv2][query] GET https://runtimeconfig.googleapis.com/v1beta1/projects/jetnotify-6f46b/configs/sheets/variables [none]
[debug] [2025-08-26T23:12:40.326Z] >>> [apiv2][query] GET https://runtimeconfig.googleapis.com/v1beta1/projects/jetnotify-6f46b/configs/security/variables [none]
[debug] [2025-08-26T23:12:40.467Z] <<< [apiv2][status] GET https://runtimeconfig.googleapis.com/v1beta1/projects/jetnotify-6f46b/configs/sheets/variables 200
[debug] [2025-08-26T23:12:40.468Z] <<< [apiv2][body] GET https://runtimeconfig.googleapis.com/v1beta1/projects/jetnotify-6f46b/configs/sheets/variables {"variables":[{"name":"projects/jetnotify-6f46b/configs/sheets/variables/id","updateTime":"2025-08-21T23:29:37.364504784Z"},{"name":"projects/jetnotify-6f46b/configs/sheets/variables/range","updateTime":"2025-08-21T23:29:37.584962025Z"},{"name":"projects/jetnotify-6f46b/configs/sheets/variables/email_col","updateTime":"2025-08-21T23:29:36.516653312Z"}]}
[debug] [2025-08-26T23:12:40.468Z] Checked if tokens are valid: true, expires at: 1756252400785
[debug] [2025-08-26T23:12:40.468Z] Checked if tokens are valid: true, expires at: 1756252400785
[debug] [2025-08-26T23:12:40.468Z] Checked if tokens are valid: true, expires at: 1756252400785
[debug] [2025-08-26T23:12:40.468Z] Checked if tokens are valid: true, expires at: 1756252400785
[debug] [2025-08-26T23:12:40.468Z] Checked if tokens are valid: true, expires at: 1756252400785
[debug] [2025-08-26T23:12:40.468Z] Checked if tokens are valid: true, expires at: 1756252400785
[debug] [2025-08-26T23:12:40.468Z] >>> [apiv2][query] GET https://runtimeconfig.googleapis.com/v1beta1/projects/jetnotify-6f46b/configs/sheets/variables/id [none]
[debug] [2025-08-26T23:12:40.468Z] >>> [apiv2][query] GET https://runtimeconfig.googleapis.com/v1beta1/projects/jetnotify-6f46b/configs/sheets/variables/range [none]
[debug] [2025-08-26T23:12:40.469Z] >>> [apiv2][query] GET https://runtimeconfig.googleapis.com/v1beta1/projects/jetnotify-6f46b/configs/sheets/variables/email_col [none]
[debug] [2025-08-26T23:12:40.494Z] <<< [apiv2][status] GET https://runtimeconfig.googleapis.com/v1beta1/projects/jetnotify-6f46b/configs/security/variables 200
[debug] [2025-08-26T23:12:40.494Z] <<< [apiv2][body] GET https://runtimeconfig.googleapis.com/v1beta1/projects/jetnotify-6f46b/configs/security/variables {"variables":[{"name":"projects/jetnotify-6f46b/configs/security/variables/owner_email","updateTime":"2025-08-21T23:29:36.643983992Z"}]}
[debug] [2025-08-26T23:12:40.494Z] Checked if tokens are valid: true, expires at: 1756252400785
[debug] [2025-08-26T23:12:40.494Z] Checked if tokens are valid: true, expires at: 1756252400785
[debug] [2025-08-26T23:12:40.494Z] >>> [apiv2][query] GET https://runtimeconfig.googleapis.com/v1beta1/projects/jetnotify-6f46b/configs/security/variables/owner_email [none]
[debug] [2025-08-26T23:12:40.586Z] <<< [apiv2][status] GET https://runtimeconfig.googleapis.com/v1beta1/projects/jetnotify-6f46b/configs/security/variables/owner_email 200
[debug] [2025-08-26T23:12:40.586Z] <<< [apiv2][body] GET https://runtimeconfig.googleapis.com/v1beta1/projects/jetnotify-6f46b/configs/security/variables/owner_email {"name":"projects/jetnotify-6f46b/configs/security/variables/owner_email","updateTime":"2025-08-21T23:29:36.643983992Z","text":"JoshuaTSchwartz@gmail.com"}
[debug] [2025-08-26T23:12:40.590Z] <<< [apiv2][status] GET https://runtimeconfig.googleapis.com/v1beta1/projects/jetnotify-6f46b/configs/sheets/variables/id 200
[debug] [2025-08-26T23:12:40.590Z] <<< [apiv2][body] GET https://runtimeconfig.googleapis.com/v1beta1/projects/jetnotify-6f46b/configs/sheets/variables/id {"name":"projects/jetnotify-6f46b/configs/sheets/variables/id","updateTime":"2025-08-21T23:29:37.364504784Z","text":"1fNIVGMxZ6x99YMTQtRciKK-VKOa9O5UsMHl7iLJ3MK8"}
[debug] [2025-08-26T23:12:40.608Z] <<< [apiv2][status] GET https://runtimeconfig.googleapis.com/v1beta1/projects/jetnotify-6f46b/configs/sheets/variables/range 200
[debug] [2025-08-26T23:12:40.609Z] <<< [apiv2][body] GET https://runtimeconfig.googleapis.com/v1beta1/projects/jetnotify-6f46b/configs/sheets/variables/range {"name":"projects/jetnotify-6f46b/configs/sheets/variables/range","updateTime":"2025-08-21T23:29:37.584962025Z","text":"Sheet1!A:AB"}
[debug] [2025-08-26T23:12:40.651Z] <<< [apiv2][status] GET https://runtimeconfig.googleapis.com/v1beta1/projects/jetnotify-6f46b/configs/sheets/variables/email_col 200
[debug] [2025-08-26T23:12:40.651Z] <<< [apiv2][body] GET https://runtimeconfig.googleapis.com/v1beta1/projects/jetnotify-6f46b/configs/sheets/variables/email_col {"name":"projects/jetnotify-6f46b/configs/sheets/variables/email_col","updateTime":"2025-08-21T23:29:36.516653312Z","text":"4"}
[debug] [2025-08-26T23:12:40.654Z] Validating nodejs source
[debug] [2025-08-26T23:12:41.174Z] > [functions] package.json contents: {
  "name": "functions",
  "description": "Cloud Functions for Firebase",
  "scripts": {
    "serve": "firebase emulators:start --only functions",
    "shell": "firebase functions:shell",
    "start": "npm run shell",
    "deploy": "firebase deploy --only functions",
    "logs": "firebase functions:log"
  },
  "engines": {
    "node": "22"
  },
  "main": "index.js",
  "dependencies": {
    "firebase-admin": "^12.6.0",
    "firebase-functions": "^6.0.1",
    "googleapis": "^158.0.0"
  },
  "devDependencies": {
    "firebase-functions-test": "^3.1.0"
  },
  "private": true
}
[debug] [2025-08-26T23:12:41.174Z] Building nodejs source
[info] i  functions: Loading and analyzing source code for codebase default to determine what to deploy 
[debug] [2025-08-26T23:12:41.175Z] Could not find functions.yaml. Must use http discovery
[debug] [2025-08-26T23:12:41.182Z] Found firebase-functions binary at '/Users/joshuaschwartz/Documents/GitHub/Jet-Notify/functions/node_modules/.bin/firebase-functions'
[info] Serving at port 8769

[debug] [2025-08-26T23:12:41.997Z] Got response from /__/functions.yaml {"endpoints":{"getTrips":{"availableMemoryMb":null,"timeoutSeconds":null,"minInstances":null,"maxInstances":null,"ingressSettings":null,"concurrency":null,"serviceAccountEmail":null,"vpc":null,"platform":"gcfv2","labels":{},"callableTrigger":{},"entryPoint":"getTrips"},"addTrip":{"availableMemoryMb":null,"timeoutSeconds":null,"minInstances":null,"maxInstances":null,"ingressSettings":null,"concurrency":null,"serviceAccountEmail":null,"vpc":null,"platform":"gcfv2","labels":{},"callableTrigger":{},"entryPoint":"addTrip"}},"specVersion":"v1alpha1","requiredAPIs":[],"extensions":{}}
[info] i  extensions: ensuring required API firebaseextensions.googleapis.com is enabled... 
[debug] [2025-08-26T23:12:46.021Z] > command requires scopes: ["email","openid","https://www.googleapis.com/auth/cloudplatformprojects.readonly","https://www.googleapis.com/auth/firebase","https://www.googleapis.com/auth/cloud-platform"]
[debug] [2025-08-26T23:12:46.022Z] > authorizing via signed-in user (Alert@jetnotify.com)
[debug] [2025-08-26T23:12:46.022Z] [iam] checking project jetnotify-6f46b for permissions ["firebase.projects.get","firebaseextensions.instances.list"]
[debug] [2025-08-26T23:12:46.022Z] Checked if tokens are valid: true, expires at: 1756252400785
[debug] [2025-08-26T23:12:46.022Z] Checked if tokens are valid: true, expires at: 1756252400785
[debug] [2025-08-26T23:12:46.022Z] >>> [apiv2][query] POST https://cloudresourcemanager.googleapis.com/v1/projects/jetnotify-6f46b:testIamPermissions [none]
[debug] [2025-08-26T23:12:46.022Z] >>> [apiv2][(partial)header] POST https://cloudresourcemanager.googleapis.com/v1/projects/jetnotify-6f46b:testIamPermissions x-goog-quota-user=projects/jetnotify-6f46b
[debug] [2025-08-26T23:12:46.022Z] >>> [apiv2][body] POST https://cloudresourcemanager.googleapis.com/v1/projects/jetnotify-6f46b:testIamPermissions {"permissions":["firebase.projects.get","firebaseextensions.instances.list"]}
[debug] [2025-08-26T23:12:46.213Z] <<< [apiv2][status] POST https://cloudresourcemanager.googleapis.com/v1/projects/jetnotify-6f46b:testIamPermissions 200
[debug] [2025-08-26T23:12:46.215Z] <<< [apiv2][body] POST https://cloudresourcemanager.googleapis.com/v1/projects/jetnotify-6f46b:testIamPermissions {"permissions":["firebase.projects.get","firebaseextensions.instances.list"]}
[debug] [2025-08-26T23:12:46.216Z] Checked if tokens are valid: true, expires at: 1756252400785
[debug] [2025-08-26T23:12:46.216Z] Checked if tokens are valid: true, expires at: 1756252400785
[debug] [2025-08-26T23:12:46.217Z] >>> [apiv2][query] GET https://firebaseextensions.googleapis.com/v1beta/projects/jetnotify-6f46b/instances pageSize=100&pageToken=
[debug] [2025-08-26T23:12:46.579Z] <<< [apiv2][status] GET https://firebaseextensions.googleapis.com/v1beta/projects/jetnotify-6f46b/instances 200
[debug] [2025-08-26T23:12:46.579Z] <<< [apiv2][body] GET https://firebaseextensions.googleapis.com/v1beta/projects/jetnotify-6f46b/instances {}
[info] i  functions: preparing functions directory for uploading... 
[info] i  functions: packaged /Users/joshuaschwartz/Documents/GitHub/Jet-Notify/functions (70.6 KB) for uploading 
[debug] [2025-08-26T23:12:46.621Z] Checked if tokens are valid: true, expires at: 1756252400785
[debug] [2025-08-26T23:12:46.621Z] Checked if tokens are valid: true, expires at: 1756252400785
[debug] [2025-08-26T23:12:46.621Z] >>> [apiv2][query] GET https://cloudfunctions.googleapis.com/v1/projects/jetnotify-6f46b/locations/-/functions [none]
[debug] [2025-08-26T23:12:47.196Z] <<< [apiv2][status] GET https://cloudfunctions.googleapis.com/v1/projects/jetnotify-6f46b/locations/-/functions 200
[debug] [2025-08-26T23:12:47.197Z] <<< [apiv2][body] GET https://cloudfunctions.googleapis.com/v1/projects/jetnotify-6f46b/locations/-/functions {}
[debug] [2025-08-26T23:12:47.198Z] Checked if tokens are valid: true, expires at: 1756252400785
[debug] [2025-08-26T23:12:47.198Z] Checked if tokens are valid: true, expires at: 1756252400785
[debug] [2025-08-26T23:12:47.198Z] >>> [apiv2][query] GET https://cloudfunctions.googleapis.com/v2/projects/jetnotify-6f46b/locations/-/functions filter=environment%3D%22GEN_2%22
[debug] [2025-08-26T23:12:47.621Z] <<< [apiv2][status] GET https://cloudfunctions.googleapis.com/v2/projects/jetnotify-6f46b/locations/-/functions 200
[debug] [2025-08-26T23:12:47.621Z] <<< [apiv2][body] GET https://cloudfunctions.googleapis.com/v2/projects/jetnotify-6f46b/locations/-/functions {"functions":[{"name":"projects/jetnotify-6f46b/locations/us-central1/functions/getSheetData","buildConfig":{"build":"projects/914858025485/locations/us-central1/builds/4fd5431a-4c6d-4813-9e2b-d561cadb6e4d","runtime":"nodejs22","entryPoint":"getSheetData","source":{"storageSource":{"bucket":"gcf-v2-sources-914858025485-us-central1","object":"getSheetData/function-source.zip","generation":"1755967550500932"}},"environmentVariables":{"GOOGLE_NODE_RUN_SCRIPTS":""},"dockerRepository":"projects/jetnotify-6f46b/locations/us-central1/repositories/gcf-artifacts","sourceProvenance":{"resolvedStorageSource":{"bucket":"gcf-v2-sources-914858025485-us-central1","object":"getSheetData/function-source.zip","generation":"1755967550500932"}},"dockerRegistry":"ARTIFACT_REGISTRY","serviceAccount":"projects/jetnotify-6f46b/serviceAccounts/914858025485-compute@developer.gserviceaccount.com","automaticUpdatePolicy":{}},"state":"FAILED","updateTime":"2025-08-23T16:46:18.720611583Z","labels":{"deployment-tool":"cli-firebase","deployment-callable":"true","firebase-functions-hash":"d1457196567e2c8829f470dded9064c87fe86ea6"},"stateMessages":[{"severity":"ERROR","type":"CloudRunServiceNotFound","message":"Cloud Run service projects/jetnotify-6f46b/locations/us-central1/services/getsheetdata for the function was not found. The function will not work correctly. Please redeploy."}],"environment":"GEN_2","url":"https://us-central1-jetnotify-6f46b.cloudfunctions.net/getSheetData","createTime":"2025-08-23T16:45:50.760308517Z","satisfiesPzi":true},{"name":"projects/jetnotify-6f46b/locations/us-central1/functions/addTrip","buildConfig":{"build":"projects/914858025485/locations/us-central1/builds/efdece6d-7269-49c3-97ba-a105d6681917","runtime":"nodejs22","entryPoint":"addTrip","source":{"storageSource":{"bucket":"gcf-v2-sources-914858025485-us-central1","object":"addTrip/function-source.zip","generation":"1755967588737170"}},"environmentVariables":{"GOOGLE_NODE_RUN_SCRIPTS":""},"dockerRepository":"projects/jetnotify-6f46b/locations/us-central1/repositories/gcf-artifacts","sourceProvenance":{"resolvedStorageSource":{"bucket":"gcf-v2-sources-914858025485-us-central1","object":"addTrip/function-source.zip","generation":"1755967588737170"}},"dockerRegistry":"ARTIFACT_REGISTRY","serviceAccount":"projects/jetnotify-6f46b/serviceAccounts/914858025485-compute@developer.gserviceaccount.com","automaticUpdatePolicy":{}},"state":"FAILED","updateTime":"2025-08-23T16:46:53.271440538Z","labels":{"firebase-functions-hash":"d1457196567e2c8829f470dded9064c87fe86ea6","deployment-tool":"cli-firebase","deployment-callable":"true"},"stateMessages":[{"severity":"ERROR","type":"CloudRunServiceNotFound","message":"Cloud Run service projects/jetnotify-6f46b/locations/us-central1/services/addtrip for the function was not found. The function will not work correctly. Please redeploy."}],"environment":"GEN_2","url":"https://us-central1-jetnotify-6f46b.cloudfunctions.net/addTrip","createTime":"2025-08-23T16:46:28.970907093Z","satisfiesPzi":true},{"name":"projects/jetnotify-6f46b/locations/us-central1/functions/setAdminClaim","buildConfig":{"build":"projects/914858025485/locations/us-central1/builds/fb088a59-6638-418f-981d-ef130f4b6bc8","runtime":"nodejs22","entryPoint":"setAdminClaim","source":{"storageSource":{"bucket":"gcf-v2-sources-914858025485-us-central1","object":"setAdminClaim/function-source.zip","generation":"1755967588806600"}},"environmentVariables":{"GOOGLE_NODE_RUN_SCRIPTS":""},"dockerRepository":"projects/jetnotify-6f46b/locations/us-central1/repositories/gcf-artifacts","sourceProvenance":{"resolvedStorageSource":{"bucket":"gcf-v2-sources-914858025485-us-central1","object":"setAdminClaim/function-source.zip","generation":"1755967588806600"}},"dockerRegistry":"ARTIFACT_REGISTRY","serviceAccount":"projects/jetnotify-6f46b/serviceAccounts/914858025485-compute@developer.gserviceaccount.com","automaticUpdatePolicy":{}},"state":"FAILED","updateTime":"2025-08-23T16:47:00.809483209Z","labels":{"deployment-tool":"cli-firebase","deployment-callable":"true","firebase-functions-hash":"d1457196567e2c8829f470dded9064c87fe86ea6"},"stateMessages":[{"severity":"ERROR","type":"CloudRunServiceNotFound","message":"Cloud Run service projects/jetnotify-6f46b/locations/us-central1/services/setadminclaim for the function was not found. The function will not work correctly. Please redeploy."}],"environment":"GEN_2","url":"https://us-central1-jetnotify-6f46b.cloudfunctions.net/setAdminClaim","createTime":"2025-08-23T16:46:29.051099321Z","satisfiesPzi":true}]}
[info] i  functions: ensuring required API run.googleapis.com is enabled... 
[info] i  functions: ensuring required API eventarc.googleapis.com is enabled... 
[info] i  functions: ensuring required API pubsub.googleapis.com is enabled... 
[info] i  functions: ensuring required API storage.googleapis.com is enabled... 
[info] i  functions: generating the service identity for pubsub.googleapis.com... 
[debug] [2025-08-26T23:12:47.626Z] Checked if tokens are valid: true, expires at: 1756252400785
[debug] [2025-08-26T23:12:47.626Z] Checked if tokens are valid: true, expires at: 1756252400785
[info] i  functions: generating the service identity for eventarc.googleapis.com... 
[debug] [2025-08-26T23:12:47.626Z] Checked if tokens are valid: true, expires at: 1756252400785
[debug] [2025-08-26T23:12:47.626Z] Checked if tokens are valid: true, expires at: 1756252400785
[debug] [2025-08-26T23:12:47.627Z] >>> [apiv2][query] POST https://serviceusage.googleapis.com/v1beta1/projects/914858025485/services/pubsub.googleapis.com:generateServiceIdentity [none]
[debug] [2025-08-26T23:12:47.627Z] >>> [apiv2][(partial)header] POST https://serviceusage.googleapis.com/v1beta1/projects/914858025485/services/pubsub.googleapis.com:generateServiceIdentity x-goog-quota-user=projects/914858025485
[debug] [2025-08-26T23:12:47.627Z] >>> [apiv2][body] POST https://serviceusage.googleapis.com/v1beta1/projects/914858025485/services/pubsub.googleapis.com:generateServiceIdentity {}
[debug] [2025-08-26T23:12:47.628Z] >>> [apiv2][query] POST https://serviceusage.googleapis.com/v1beta1/projects/914858025485/services/eventarc.googleapis.com:generateServiceIdentity [none]
[debug] [2025-08-26T23:12:47.628Z] >>> [apiv2][(partial)header] POST https://serviceusage.googleapis.com/v1beta1/projects/914858025485/services/eventarc.googleapis.com:generateServiceIdentity x-goog-quota-user=projects/914858025485
[debug] [2025-08-26T23:12:47.628Z] >>> [apiv2][body] POST https://serviceusage.googleapis.com/v1beta1/projects/914858025485/services/eventarc.googleapis.com:generateServiceIdentity {}
[debug] [2025-08-26T23:12:47.973Z] <<< [apiv2][status] POST https://serviceusage.googleapis.com/v1beta1/projects/914858025485/services/pubsub.googleapis.com:generateServiceIdentity 200
[debug] [2025-08-26T23:12:47.973Z] <<< [apiv2][body] POST https://serviceusage.googleapis.com/v1beta1/projects/914858025485/services/pubsub.googleapis.com:generateServiceIdentity {"name":"operations/finished.DONE_OPERATION","done":true,"response":{"@type":"type.googleapis.com/google.api.serviceusage.v1beta1.ServiceIdentity","email":"service-914858025485@gcp-sa-pubsub.iam.gserviceaccount.com","uniqueId":"105786448453864993769"}}
[debug] [2025-08-26T23:12:47.987Z] <<< [apiv2][status] POST https://serviceusage.googleapis.com/v1beta1/projects/914858025485/services/eventarc.googleapis.com:generateServiceIdentity 200
[debug] [2025-08-26T23:12:47.987Z] <<< [apiv2][body] POST https://serviceusage.googleapis.com/v1beta1/projects/914858025485/services/eventarc.googleapis.com:generateServiceIdentity {"name":"operations/finished.DONE_OPERATION","done":true,"response":{"@type":"type.googleapis.com/google.api.serviceusage.v1beta1.ServiceIdentity","email":"service-914858025485@gcp-sa-eventarc.iam.gserviceaccount.com","uniqueId":"110911286735167808037"}}
[debug] [2025-08-26T23:12:47.990Z] Checked if tokens are valid: true, expires at: 1756252400785
[debug] [2025-08-26T23:12:47.990Z] Checked if tokens are valid: true, expires at: 1756252400785
[debug] [2025-08-26T23:12:47.991Z] >>> [apiv2][query] GET https://cloudresourcemanager.googleapis.com/v1/projects/jetnotify-6f46b [none]
[debug] [2025-08-26T23:12:48.109Z] <<< [apiv2][status] GET https://cloudresourcemanager.googleapis.com/v1/projects/jetnotify-6f46b 200
[debug] [2025-08-26T23:12:48.109Z] <<< [apiv2][body] GET https://cloudresourcemanager.googleapis.com/v1/projects/jetnotify-6f46b {"projectNumber":"914858025485","projectId":"jetnotify-6f46b","lifecycleState":"ACTIVE","name":"JetNotify","labels":{"firebase":"enabled","firebase-core":"disabled"},"createTime":"2025-03-08T20:00:12.310181Z","parent":{"type":"organization","id":"1069611854828"}}
[debug] [2025-08-26T23:12:48.110Z] Checked if tokens are valid: true, expires at: 1756252400785
[debug] [2025-08-26T23:12:48.110Z] Checked if tokens are valid: true, expires at: 1756252400785
[debug] [2025-08-26T23:12:48.110Z] >>> [apiv2][query] GET https://compute.googleapis.com/compute/v1/projects/914858025485 [none]
[debug] [2025-08-26T23:12:48.434Z] <<< [apiv2][status] GET https://compute.googleapis.com/compute/v1/projects/914858025485 200
[debug] [2025-08-26T23:12:48.434Z] <<< [apiv2][body] GET https://compute.googleapis.com/compute/v1/projects/914858025485 {"kind":"compute#project","id":"4976024631162199413","creationTimestamp":"2025-08-23T08:51:55.184-07:00","name":"jetnotify-6f46b","commonInstanceMetadata":{"kind":"compute#metadata","fingerprint":"zFUpPtduGQw="},"quotas":[{"metric":"SNAPSHOTS","limit":1000,"usage":0},{"metric":"NETWORKS","limit":5,"usage":1},{"metric":"FIREWALLS","limit":100,"usage":4},{"metric":"IMAGES","limit":100,"usage":0},{"metric":"STATIC_ADDRESSES","limit":8,"usage":0},{"metric":"ROUTES","limit":200,"usage":0},{"metric":"FORWARDING_RULES","limit":15,"usage":0},{"metric":"TARGET_POOLS","limit":50,"usage":0},{"metric":"HEALTH_CHECKS","limit":75,"usage":0},{"metric":"IN_USE_ADDRESSES","limit":8,"usage":0},{"metric":"TARGET_INSTANCES","limit":50,"usage":0},{"metric":"TARGET_HTTP_PROXIES","limit":10,"usage":0},{"metric":"URL_MAPS","limit":10,"usage":0},{"metric":"BACKEND_SERVICES","limit":50,"usage":0},{"metric":"INSTANCE_TEMPLATES","limit":100,"usage":0},{"metric":"TARGET_VPN_GATEWAYS","limit":5,"usage":0},{"metric":"VPN_TUNNELS","limit":10,"usage":0},{"metric":"BACKEND_BUCKETS","limit":3,"usage":0},{"metric":"ROUTERS","limit":10,"usage":0},{"metric":"TARGET_SSL_PROXIES","limit":10,"usage":0},{"metric":"TARGET_HTTPS_PROXIES","limit":10,"usage":0},{"metric":"SSL_CERTIFICATES","limit":10,"usage":0},{"metric":"SUBNETWORKS","limit":100,"usage":0},{"metric":"TARGET_TCP_PROXIES","limit":10,"usage":0},{"metric":"CPUS_ALL_REGIONS","limit":32,"usage":0},{"metric":"SECURITY_POLICIES","limit":10,"usage":0},{"metric":"SECURITY_POLICY_RULES","limit":100,"usage":0},{"metric":"XPN_SERVICE_PROJECTS","limit":1000,"usage":0},{"metric":"PACKET_MIRRORINGS","limit":20,"usage":0},{"metric":"NETWORK_ENDPOINT_GROUPS","limit":100,"usage":0},{"metric":"INTERCONNECTS","limit":6,"usage":0},{"metric":"SSL_POLICIES","limit":10,"usage":0},{"metric":"GLOBAL_INTERNAL_ADDRESSES","limit":5000,"usage":0},{"metric":"VPN_GATEWAYS","limit":5,"usage":0},{"metric":"MACHINE_IMAGES","limit":100,"usage":0},{"metric":"SECURITY_POLICY_CEVAL_RULES","limit":20,"usage":0},{"metric":"GPUS_ALL_REGIONS","limit":0,"usage":0},{"metric":"EXTERNAL_VPN_GATEWAYS","limit":5,"usage":0},{"metric":"PUBLIC_ADVERTISED_PREFIXES","limit":1,"usage":0},{"metric":"PUBLIC_DELEGATED_PREFIXES","limit":10,"usage":0},{"metric":"STATIC_BYOIP_ADDRESSES","limit":128,"usage":0},{"metric":"NETWORK_FIREWALL_POLICIES","limit":10,"usage":0},{"metric":"INTERNAL_TRAFFIC_DIRECTOR_FORWARDING_RULES","limit":15,"usage":0},{"metric":"GLOBAL_EXTERNAL_MANAGED_FORWARDING_RULES","limit":15,"usage":0},{"metric":"GLOBAL_INTERNAL_MANAGED_BACKEND_SERVICES","limit":50,"usage":0},{"metric":"GLOBAL_EXTERNAL_MANAGED_BACKEND_SERVICES","limit":50,"usage":0},{"metric":"GLOBAL_EXTERNAL_PROXY_LB_BACKEND_SERVICES","limit":50,"usage":0},{"metric":"GLOBAL_INTERNAL_TRAFFIC_DIRECTOR_BACKEND_SERVICES","limit":250,"usage":0}],"selfLink":"https://www.googleapis.com/compute/v1/projects/jetnotify-6f46b","defaultServiceAccount":"914858025485-compute@developer.gserviceaccount.com","xpnProjectStatus":"UNSPECIFIED_XPN_PROJECT_STATUS","defaultNetworkTier":"PREMIUM","vmDnsSetting":"ZONAL_ONLY","cloudArmorTier":"CA_STANDARD"}
[debug] [2025-08-26T23:12:48.435Z] Checked if tokens are valid: true, expires at: 1756252400785
[debug] [2025-08-26T23:12:48.435Z] Checked if tokens are valid: true, expires at: 1756252400785
[debug] [2025-08-26T23:12:48.435Z] >>> [apiv2][query] GET https://cloudbilling.googleapis.com/v1/projects/jetnotify-6f46b/billingInfo [none]
[debug] [2025-08-26T23:12:48.670Z] <<< [apiv2][status] GET https://cloudbilling.googleapis.com/v1/projects/jetnotify-6f46b/billingInfo 200
[debug] [2025-08-26T23:12:48.670Z] <<< [apiv2][body] GET https://cloudbilling.googleapis.com/v1/projects/jetnotify-6f46b/billingInfo {"name":"projects/jetnotify-6f46b/billingInfo","projectId":"jetnotify-6f46b","billingAccountName":"billingAccounts/014EEF-E26BD9-8F5180","billingEnabled":true}
[debug] [2025-08-26T23:12:48.672Z] Checked if tokens are valid: true, expires at: 1756252400785
[debug] [2025-08-26T23:12:48.672Z] Checked if tokens are valid: true, expires at: 1756252400785
[debug] [2025-08-26T23:12:48.672Z] >>> [apiv2][query] POST https://cloudfunctions.googleapis.com/v2/projects/jetnotify-6f46b/locations/us-central1/functions:generateUploadUrl [none]
[debug] [2025-08-26T23:12:49.001Z] <<< [apiv2][status] POST https://cloudfunctions.googleapis.com/v2/projects/jetnotify-6f46b/locations/us-central1/functions:generateUploadUrl 200
[debug] [2025-08-26T23:12:49.002Z] <<< [apiv2][body] POST https://cloudfunctions.googleapis.com/v2/projects/jetnotify-6f46b/locations/us-central1/functions:generateUploadUrl {"uploadUrl":"https://storage.googleapis.com/gcf-v2-uploads-914858025485.us-central1.cloudfunctions.appspot.com/b73834a4-a3bd-4e56-95d8-a36d3974536d.zip?GoogleAccessId=service-914858025485@gcf-admin-robot.iam.gserviceaccount.com&Expires=1756251768&Signature=HvG%2FTnPUMYRo8KpQ5RqDrLPhTrgCYFGF6dk3qFQkJ0j6SoluNtIpJ54kUoyiLb%2FJNOiwOe80JudsrPDZU4J4gWQnGT5G5wnkJC6oHHQzmgd0WFXylmB95SnrOeDzDzmAGQgVMjT4YAePJbAyP36fvn1aKdtGO4GjPUXJqry0cx8La35niel6G%2BzCZvHA%2BqOhrONEas2Q25DD%2B4gxmCUFOP1gK9MVgAL7Y6gHVfR9QojwfMIf1WFy67nkFqtliIX4nkZiShVP6TNngWNOrYFVGtQOm4EukPBz1chuerg9hQIghIxxGn71PNQKOLfUWmQYrJ7hzrou5Sd%2FXtxMtTFqCA%3D%3D","storageSource":{"bucket":"gcf-v2-uploads-914858025485.us-central1.cloudfunctions.appspot.com","object":"b73834a4-a3bd-4e56-95d8-a36d3974536d.zip"}}
[debug] [2025-08-26T23:12:49.007Z] >>> [apiv2][query] PUT https://storage.googleapis.com/gcf-v2-uploads-914858025485.us-central1.cloudfunctions.appspot.com/b73834a4-a3bd-4e56-95d8-a36d3974536d.zip GoogleAccessId=service-914858025485%40gcf-admin-robot.iam.gserviceaccount.com&Expires=1756251768&Signature=HvG%2FTnPUMYRo8KpQ5RqDrLPhTrgCYFGF6dk3qFQkJ0j6SoluNtIpJ54kUoyiLb%2FJNOiwOe80JudsrPDZU4J4gWQnGT5G5wnkJC6oHHQzmgd0WFXylmB95SnrOeDzDzmAGQgVMjT4YAePJbAyP36fvn1aKdtGO4GjPUXJqry0cx8La35niel6G%2BzCZvHA%2BqOhrONEas2Q25DD%2B4gxmCUFOP1gK9MVgAL7Y6gHVfR9QojwfMIf1WFy67nkFqtliIX4nkZiShVP6TNngWNOrYFVGtQOm4EukPBz1chuerg9hQIghIxxGn71PNQKOLfUWmQYrJ7hzrou5Sd%2FXtxMtTFqCA%3D%3D
[debug] [2025-08-26T23:12:49.008Z] >>> [apiv2][body] PUT https://storage.googleapis.com/gcf-v2-uploads-914858025485.us-central1.cloudfunctions.appspot.com/b73834a4-a3bd-4e56-95d8-a36d3974536d.zip [stream]
[debug] [2025-08-26T23:12:49.291Z] <<< [apiv2][status] PUT https://storage.googleapis.com/gcf-v2-uploads-914858025485.us-central1.cloudfunctions.appspot.com/b73834a4-a3bd-4e56-95d8-a36d3974536d.zip 200
[debug] [2025-08-26T23:12:49.291Z] <<< [apiv2][body] PUT https://storage.googleapis.com/gcf-v2-uploads-914858025485.us-central1.cloudfunctions.appspot.com/b73834a4-a3bd-4e56-95d8-a36d3974536d.zip [omitted]
[info] ✔  functions: functions folder uploaded successfully 
[info] i  functions: creating Node.js 22 (2nd Gen) function getTrips(us-central1)... 
[info] i  functions: updating Node.js 22 (2nd Gen) function addTrip(us-central1)... 
[debug] [2025-08-26T23:12:49.299Z] Checked if tokens are valid: true, expires at: 1756252400785
[debug] [2025-08-26T23:12:49.299Z] Checked if tokens are valid: true, expires at: 1756252400785
[debug] [2025-08-26T23:12:49.299Z] >>> [apiv2][query] POST https://cloudfunctions.googleapis.com/v2/projects/jetnotify-6f46b/locations/us-central1/functions functionId=getTrips
[debug] [2025-08-26T23:12:49.299Z] >>> [apiv2][body] POST https://cloudfunctions.googleapis.com/v2/projects/jetnotify-6f46b/locations/us-central1/functions {"name":"projects/jetnotify-6f46b/locations/us-central1/functions/getTrips","buildConfig":{"runtime":"nodejs22","entryPoint":"getTrips","source":{"storageSource":{"bucket":"gcf-v2-uploads-914858025485.us-central1.cloudfunctions.appspot.com","object":"b73834a4-a3bd-4e56-95d8-a36d3974536d.zip"}},"environmentVariables":{"GOOGLE_NODE_RUN_SCRIPTS":""}},"serviceConfig":{"environmentVariables":{"FIREBASE_CONFIG":"{\"projectId\":\"jetnotify-6f46b\",\"storageBucket\":\"jetnotify-6f46b.firebasestorage.app\"}","GCLOUD_PROJECT":"jetnotify-6f46b","EVENTARC_CLOUD_EVENT_SOURCE":"projects/jetnotify-6f46b/locations/us-central1/services/getTrips","FUNCTION_TARGET":"getTrips","LOG_EXECUTION_ID":"true"},"ingressSettings":null,"timeoutSeconds":null,"serviceAccountEmail":null,"availableMemory":"256Mi","minInstanceCount":null,"maxInstanceCount":null,"maxInstanceRequestConcurrency":80,"availableCpu":"1","vpcConnector":null,"vpcConnectorEgressSettings":null},"labels":{"deployment-tool":"cli-firebase","deployment-callable":"true","firebase-functions-hash":"73abd0c00de716f2994695457be53c7c88c8922f"}}
[debug] [2025-08-26T23:12:50.338Z] <<< [apiv2][status] POST https://cloudfunctions.googleapis.com/v2/projects/jetnotify-6f46b/locations/us-central1/functions 200
[debug] [2025-08-26T23:12:50.338Z] <<< [apiv2][body] POST https://cloudfunctions.googleapis.com/v2/projects/jetnotify-6f46b/locations/us-central1/functions {"name":"projects/jetnotify-6f46b/locations/us-central1/operations/operation-1756249969562-63d4ccf9294f4-d14d4cde-76183b77","metadata":{"@type":"type.googleapis.com/google.cloud.functions.v2.OperationMetadata","createTime":"2025-08-26T23:12:50.335112059Z","target":"projects/jetnotify-6f46b/locations/us-central1/functions/getTrips","verb":"create","cancelRequested":false,"apiVersion":"v2"},"done":false}
[debug] [2025-08-26T23:12:50.339Z] Checked if tokens are valid: true, expires at: 1756252400785
[debug] [2025-08-26T23:12:50.339Z] Checked if tokens are valid: true, expires at: 1756252400785
[debug] [2025-08-26T23:12:50.339Z] >>> [apiv2][query] GET https://cloudfunctions.googleapis.com/v2/projects/jetnotify-6f46b/locations/us-central1/operations/operation-1756249969562-63d4ccf9294f4-d14d4cde-76183b77 [none]
[debug] [2025-08-26T23:12:50.588Z] <<< [apiv2][status] GET https://cloudfunctions.googleapis.com/v2/projects/jetnotify-6f46b/locations/us-central1/operations/operation-1756249969562-63d4ccf9294f4-d14d4cde-76183b77 200
[debug] [2025-08-26T23:12:50.588Z] <<< [apiv2][body] GET https://cloudfunctions.googleapis.com/v2/projects/jetnotify-6f46b/locations/us-central1/operations/operation-1756249969562-63d4ccf9294f4-d14d4cde-76183b77 {"name":"projects/jetnotify-6f46b/locations/us-central1/operations/operation-1756249969562-63d4ccf9294f4-d14d4cde-76183b77","metadata":{"@type":"type.googleapis.com/google.cloud.functions.v2.OperationMetadata","createTime":"2025-08-26T23:12:50.335112059Z","target":"projects/jetnotify-6f46b/locations/us-central1/functions/getTrips","verb":"create","cancelRequested":false,"apiVersion":"v2","requestResource":{"@type":"type.googleapis.com/google.cloud.functions.v2.Function","name":"projects/jetnotify-6f46b/locations/us-central1/functions/getTrips","buildConfig":{"runtime":"nodejs22","entryPoint":"getTrips","source":{"storageSource":{"bucket":"gcf-v2-sources-914858025485-us-central1","object":"getTrips/function-source.zip","generation":"1756249970098478"}},"environmentVariables":{"GOOGLE_NODE_RUN_SCRIPTS":""},"serviceAccount":"projects/jetnotify-6f46b/serviceAccounts/914858025485-compute@developer.gserviceaccount.com","automaticUpdatePolicy":{}},"serviceConfig":{"service":"projects/jetnotify-6f46b/locations/us-central1/services/gettrips","timeoutSeconds":60,"environmentVariables":{"FIREBASE_CONFIG":"{\"projectId\":\"jetnotify-6f46b\",\"storageBucket\":\"jetnotify-6f46b.firebasestorage.app\"}","GCLOUD_PROJECT":"jetnotify-6f46b","EVENTARC_CLOUD_EVENT_SOURCE":"projects/jetnotify-6f46b/locations/us-central1/services/getTrips","FUNCTION_TARGET":"getTrips","LOG_EXECUTION_ID":"true"},"ingressSettings":"ALLOW_ALL","serviceAccountEmail":"914858025485-compute@developer.gserviceaccount.com","availableMemory":"256Mi","maxInstanceRequestConcurrency":80,"availableCpu":"1"},"labels":{"deployment-tool":"cli-firebase","deployment-callable":"true","firebase-functions-hash":"73abd0c00de716f2994695457be53c7c88c8922f"},"environment":"GEN_2"},"stages":[{"name":"BUILD","state":"NOT_STARTED"},{"name":"SERVICE","state":"NOT_STARTED"}],"operationType":"CREATE_FUNCTION"},"done":false}
[debug] [2025-08-26T23:12:51.089Z] [create-default-us-central1-getTrips] Retrying task index 0
[debug] [2025-08-26T23:12:51.090Z] Checked if tokens are valid: true, expires at: 1756252400785
[debug] [2025-08-26T23:12:51.090Z] Checked if tokens are valid: true, expires at: 1756252400785
[debug] [2025-08-26T23:12:51.090Z] >>> [apiv2][query] GET https://cloudfunctions.googleapis.com/v2/projects/jetnotify-6f46b/locations/us-central1/operations/operation-1756249969562-63d4ccf9294f4-d14d4cde-76183b77 [none]
[debug] [2025-08-26T23:12:51.343Z] <<< [apiv2][status] GET https://cloudfunctions.googleapis.com/v2/projects/jetnotify-6f46b/locations/us-central1/operations/operation-1756249969562-63d4ccf9294f4-d14d4cde-76183b77 200
[debug] [2025-08-26T23:12:51.343Z] <<< [apiv2][body] GET https://cloudfunctions.googleapis.com/v2/projects/jetnotify-6f46b/locations/us-central1/operations/operation-1756249969562-63d4ccf9294f4-d14d4cde-76183b77 {"name":"projects/jetnotify-6f46b/locations/us-central1/operations/operation-1756249969562-63d4ccf9294f4-d14d4cde-76183b77","metadata":{"@type":"type.googleapis.com/google.cloud.functions.v2.OperationMetadata","createTime":"2025-08-26T23:12:50.335112059Z","target":"projects/jetnotify-6f46b/locations/us-central1/functions/getTrips","verb":"create","cancelRequested":false,"apiVersion":"v2","requestResource":{"@type":"type.googleapis.com/google.cloud.functions.v2.Function","name":"projects/jetnotify-6f46b/locations/us-central1/functions/getTrips","buildConfig":{"runtime":"nodejs22","entryPoint":"getTrips","source":{"storageSource":{"bucket":"gcf-v2-sources-914858025485-us-central1","object":"getTrips/function-source.zip","generation":"1756249970098478"}},"environmentVariables":{"GOOGLE_NODE_RUN_SCRIPTS":""},"serviceAccount":"projects/jetnotify-6f46b/serviceAccounts/914858025485-compute@developer.gserviceaccount.com","automaticUpdatePolicy":{}},"serviceConfig":{"service":"projects/jetnotify-6f46b/locations/us-central1/services/gettrips","timeoutSeconds":60,"environmentVariables":{"FIREBASE_CONFIG":"{\"projectId\":\"jetnotify-6f46b\",\"storageBucket\":\"jetnotify-6f46b.firebasestorage.app\"}","GCLOUD_PROJECT":"jetnotify-6f46b","EVENTARC_CLOUD_EVENT_SOURCE":"projects/jetnotify-6f46b/locations/us-central1/services/getTrips","FUNCTION_TARGET":"getTrips","LOG_EXECUTION_ID":"true"},"ingressSettings":"ALLOW_ALL","serviceAccountEmail":"914858025485-compute@developer.gserviceaccount.com","availableMemory":"256Mi","maxInstanceRequestConcurrency":80,"availableCpu":"1"},"labels":{"deployment-tool":"cli-firebase","deployment-callable":"true","firebase-functions-hash":"73abd0c00de716f2994695457be53c7c88c8922f"},"environment":"GEN_2"},"stages":[{"name":"ARTIFACT_REGISTRY","state":"NOT_STARTED"},{"name":"SERVICE","message":"Deleting Cloud Run service","state":"COMPLETE","resource":"projects/jetnotify-6f46b/locations/us-central1/services/gettrips"}],"operationType":"CREATE_FUNCTION"},"done":false}
[debug] [2025-08-26T23:12:52.344Z] [create-default-us-central1-getTrips] Retrying task index 0
[debug] [2025-08-26T23:12:52.345Z] Checked if tokens are valid: true, expires at: 1756252400785
[debug] [2025-08-26T23:12:52.346Z] Checked if tokens are valid: true, expires at: 1756252400785
[debug] [2025-08-26T23:12:52.346Z] >>> [apiv2][query] GET https://cloudfunctions.googleapis.com/v2/projects/jetnotify-6f46b/locations/us-central1/operations/operation-1756249969562-63d4ccf9294f4-d14d4cde-76183b77 [none]
[debug] [2025-08-26T23:12:52.604Z] <<< [apiv2][status] GET https://cloudfunctions.googleapis.com/v2/projects/jetnotify-6f46b/locations/us-central1/operations/operation-1756249969562-63d4ccf9294f4-d14d4cde-76183b77 200
[debug] [2025-08-26T23:12:52.604Z] <<< [apiv2][body] GET https://cloudfunctions.googleapis.com/v2/projects/jetnotify-6f46b/locations/us-central1/operations/operation-1756249969562-63d4ccf9294f4-d14d4cde-76183b77 {"name":"projects/jetnotify-6f46b/locations/us-central1/operations/operation-1756249969562-63d4ccf9294f4-d14d4cde-76183b77","metadata":{"@type":"type.googleapis.com/google.cloud.functions.v2.OperationMetadata","createTime":"2025-08-26T23:12:50.335112059Z","endTime":"2025-08-26T23:12:51.488737432Z","target":"projects/jetnotify-6f46b/locations/us-central1/functions/getTrips","verb":"create","cancelRequested":false,"apiVersion":"v2","requestResource":{"@type":"type.googleapis.com/google.cloud.functions.v2.Function","name":"projects/jetnotify-6f46b/locations/us-central1/functions/getTrips","buildConfig":{"runtime":"nodejs22","entryPoint":"getTrips","source":{"storageSource":{"bucket":"gcf-v2-sources-914858025485-us-central1","object":"getTrips/function-source.zip","generation":"1756249970098478"}},"environmentVariables":{"GOOGLE_NODE_RUN_SCRIPTS":""},"serviceAccount":"projects/jetnotify-6f46b/serviceAccounts/914858025485-compute@developer.gserviceaccount.com","automaticUpdatePolicy":{}},"serviceConfig":{"service":"projects/jetnotify-6f46b/locations/us-central1/services/gettrips","timeoutSeconds":60,"environmentVariables":{"FIREBASE_CONFIG":"{\"projectId\":\"jetnotify-6f46b\",\"storageBucket\":\"jetnotify-6f46b.firebasestorage.app\"}","GCLOUD_PROJECT":"jetnotify-6f46b","EVENTARC_CLOUD_EVENT_SOURCE":"projects/jetnotify-6f46b/locations/us-central1/services/getTrips","FUNCTION_TARGET":"getTrips","LOG_EXECUTION_ID":"true"},"ingressSettings":"ALLOW_ALL","serviceAccountEmail":"914858025485-compute@developer.gserviceaccount.com","availableMemory":"256Mi","maxInstanceRequestConcurrency":80,"availableCpu":"1"},"labels":{"deployment-tool":"cli-firebase","deployment-callable":"true","firebase-functions-hash":"73abd0c00de716f2994695457be53c7c88c8922f"},"environment":"GEN_2"},"stages":[{"name":"ARTIFACT_REGISTRY","message":"Deleting function artifacts in Artifact Registry","state":"COMPLETE"},{"name":"SERVICE","message":"Deleting Cloud Run service","state":"COMPLETE","resource":"projects/jetnotify-6f46b/locations/us-central1/services/gettrips"}],"operationType":"CREATE_FUNCTION"},"done":true,"error":{"code":3,"message":"Could not build the function due to disabled service account used by Cloud Build. Please make sure that the service account is active. Refer to the following documentation for more details and resolution: https://cloud.google.com/functions/docs/troubleshooting#build-service-account-disabled\nProvided service account (\"projects/jetnotify-6f46b/serviceAccounts/914858025485-compute@developer.gserviceaccount.com\") is disabled: invalid argument\n"}}
[debug] [2025-08-26T23:12:52.604Z] Got source token undefined for region us-central1
[debug] [2025-08-26T23:12:52.606Z] Checked if tokens are valid: true, expires at: 1756252400785
[debug] [2025-08-26T23:12:52.606Z] Checked if tokens are valid: true, expires at: 1756252400785
[debug] [2025-08-26T23:12:52.606Z] >>> [apiv2][query] PATCH https://cloudfunctions.googleapis.com/v2/projects/jetnotify-6f46b/locations/us-central1/functions/addTrip updateMask=name%2CbuildConfig.runtime%2CbuildConfig.entryPoint%2CbuildConfig.source.storageSource.bucket%2CbuildConfig.source.storageSource.object%2CbuildConfig.environmentVariables%2CbuildConfig.sourceToken%2CserviceConfig.environmentVariables%2CserviceConfig.ingressSettings%2CserviceConfig.timeoutSeconds%2CserviceConfig.serviceAccountEmail%2CserviceConfig.availableMemory%2CserviceConfig.minInstanceCount%2CserviceConfig.maxInstanceCount%2CserviceConfig.maxInstanceRequestConcurrency%2CserviceConfig.availableCpu%2CserviceConfig.vpcConnector%2CserviceConfig.vpcConnectorEgressSettings%2Clabels
[debug] [2025-08-26T23:12:52.607Z] >>> [apiv2][body] PATCH https://cloudfunctions.googleapis.com/v2/projects/jetnotify-6f46b/locations/us-central1/functions/addTrip {"name":"projects/jetnotify-6f46b/locations/us-central1/functions/addTrip","buildConfig":{"runtime":"nodejs22","entryPoint":"addTrip","source":{"storageSource":{"bucket":"gcf-v2-uploads-914858025485.us-central1.cloudfunctions.appspot.com","object":"b73834a4-a3bd-4e56-95d8-a36d3974536d.zip"}},"environmentVariables":{"GOOGLE_NODE_RUN_SCRIPTS":""}},"serviceConfig":{"environmentVariables":{"FIREBASE_CONFIG":"{\"projectId\":\"jetnotify-6f46b\",\"storageBucket\":\"jetnotify-6f46b.firebasestorage.app\"}","GCLOUD_PROJECT":"jetnotify-6f46b","EVENTARC_CLOUD_EVENT_SOURCE":"projects/jetnotify-6f46b/locations/us-central1/services/addTrip","FUNCTION_TARGET":"addTrip","LOG_EXECUTION_ID":"true"},"ingressSettings":null,"timeoutSeconds":null,"serviceAccountEmail":null,"availableMemory":"256Mi","minInstanceCount":null,"maxInstanceCount":null,"maxInstanceRequestConcurrency":80,"availableCpu":"1","vpcConnector":null,"vpcConnectorEgressSettings":null},"labels":{"deployment-tool":"cli-firebase","deployment-callable":"true","firebase-functions-hash":"73abd0c00de716f2994695457be53c7c88c8922f"}}
[error] Could not build the function due to disabled service account used by Cloud Build. Please make sure that the service account is active. Refer to the following documentation for more details and resolution: https://cloud.google.com/functions/docs/troubleshooting#build-service-account-disabled
Provided service account ("projects/jetnotify-6f46b/serviceAccounts/914858025485-compute@developer.gserviceaccount.com") is disabled: invalid argument

[debug] [2025-08-26T23:12:54.007Z] <<< [apiv2][status] PATCH https://cloudfunctions.googleapis.com/v2/projects/jetnotify-6f46b/locations/us-central1/functions/addTrip 200
[debug] [2025-08-26T23:12:54.008Z] <<< [apiv2][body] PATCH https://cloudfunctions.googleapis.com/v2/projects/jetnotify-6f46b/locations/us-central1/functions/addTrip {"name":"projects/jetnotify-6f46b/locations/us-central1/operations/operation-1756249972865-63d4ccfc4f9b4-dfac08aa-e706161c","metadata":{"@type":"type.googleapis.com/google.cloud.functions.v2.OperationMetadata","createTime":"2025-08-26T23:12:53.959135205Z","target":"projects/jetnotify-6f46b/locations/us-central1/functions/addTrip","verb":"update","cancelRequested":false,"apiVersion":"v2"},"done":false}
[debug] [2025-08-26T23:12:54.008Z] Checked if tokens are valid: true, expires at: 1756252400785
[debug] [2025-08-26T23:12:54.009Z] Checked if tokens are valid: true, expires at: 1756252400785
[debug] [2025-08-26T23:12:54.009Z] >>> [apiv2][query] GET https://cloudfunctions.googleapis.com/v2/projects/jetnotify-6f46b/locations/us-central1/operations/operation-1756249972865-63d4ccfc4f9b4-dfac08aa-e706161c [none]
[debug] [2025-08-26T23:12:54.268Z] <<< [apiv2][status] GET https://cloudfunctions.googleapis.com/v2/projects/jetnotify-6f46b/locations/us-central1/operations/operation-1756249972865-63d4ccfc4f9b4-dfac08aa-e706161c 200
[debug] [2025-08-26T23:12:54.269Z] <<< [apiv2][body] GET https://cloudfunctions.googleapis.com/v2/projects/jetnotify-6f46b/locations/us-central1/operations/operation-1756249972865-63d4ccfc4f9b4-dfac08aa-e706161c {"name":"projects/jetnotify-6f46b/locations/us-central1/operations/operation-1756249972865-63d4ccfc4f9b4-dfac08aa-e706161c","metadata":{"@type":"type.googleapis.com/google.cloud.functions.v2.OperationMetadata","createTime":"2025-08-26T23:12:53.959135205Z","target":"projects/jetnotify-6f46b/locations/us-central1/functions/addTrip","verb":"update","cancelRequested":false,"apiVersion":"v2","requestResource":{"@type":"type.googleapis.com/google.cloud.functions.v2.Function","name":"projects/jetnotify-6f46b/locations/us-central1/functions/addTrip","buildConfig":{"runtime":"nodejs22","entryPoint":"addTrip","source":{"storageSource":{"bucket":"gcf-v2-sources-914858025485-us-central1","object":"addTrip/function-source.zip","generation":"1756249973862116"}},"environmentVariables":{"GOOGLE_NODE_RUN_SCRIPTS":""},"dockerRepository":"projects/jetnotify-6f46b/locations/us-central1/repositories/gcf-artifacts","sourceProvenance":{"resolvedStorageSource":{"bucket":"gcf-v2-sources-914858025485-us-central1","object":"addTrip/function-source.zip","generation":"1755967588737170"}},"dockerRegistry":"ARTIFACT_REGISTRY","serviceAccount":"projects/jetnotify-6f46b/serviceAccounts/914858025485-compute@developer.gserviceaccount.com","automaticUpdatePolicy":{}},"serviceConfig":{"service":"projects/jetnotify-6f46b/locations/us-central1/services/addtrip","timeoutSeconds":60,"environmentVariables":{"FIREBASE_CONFIG":"{\"projectId\":\"jetnotify-6f46b\",\"storageBucket\":\"jetnotify-6f46b.firebasestorage.app\"}","GCLOUD_PROJECT":"jetnotify-6f46b","EVENTARC_CLOUD_EVENT_SOURCE":"projects/jetnotify-6f46b/locations/us-central1/services/addTrip","FUNCTION_TARGET":"addTrip","LOG_EXECUTION_ID":"true"},"ingressSettings":"ALLOW_ALL","serviceAccountEmail":"914858025485-compute@developer.gserviceaccount.com","availableMemory":"256Mi","maxInstanceRequestConcurrency":80,"availableCpu":"1"},"state":"FAILED","labels":{"deployment-callable":"true","firebase-functions-hash":"73abd0c00de716f2994695457be53c7c88c8922f"},"stateMessages":[{"severity":"ERROR","type":"CloudRunServiceNotFound","message":"Cloud Run service projects/jetnotify-6f46b/locations/us-central1/services/addtrip for the function was not found. The function will not work correctly. Please redeploy."}],"environment":"GEN_2","url":"https://us-central1-jetnotify-6f46b.cloudfunctions.net/addTrip","satisfiesPzi":true},"stages":[{"name":"BUILD","state":"NOT_STARTED"},{"name":"SERVICE","state":"NOT_STARTED"}],"operationType":"UPDATE_FUNCTION"},"done":false}
[debug] [2025-08-26T23:12:54.771Z] [update-default-us-central1-addTrip] Retrying task index 0
[debug] [2025-08-26T23:12:54.772Z] Checked if tokens are valid: true, expires at: 1756252400785
[debug] [2025-08-26T23:12:54.772Z] Checked if tokens are valid: true, expires at: 1756252400785
[debug] [2025-08-26T23:12:54.772Z] >>> [apiv2][query] GET https://cloudfunctions.googleapis.com/v2/projects/jetnotify-6f46b/locations/us-central1/operations/operation-1756249972865-63d4ccfc4f9b4-dfac08aa-e706161c [none]
[debug] [2025-08-26T23:12:55.002Z] <<< [apiv2][status] GET https://cloudfunctions.googleapis.com/v2/projects/jetnotify-6f46b/locations/us-central1/operations/operation-1756249972865-63d4ccfc4f9b4-dfac08aa-e706161c 200
[debug] [2025-08-26T23:12:55.003Z] <<< [apiv2][body] GET https://cloudfunctions.googleapis.com/v2/projects/jetnotify-6f46b/locations/us-central1/operations/operation-1756249972865-63d4ccfc4f9b4-dfac08aa-e706161c {"name":"projects/jetnotify-6f46b/locations/us-central1/operations/operation-1756249972865-63d4ccfc4f9b4-dfac08aa-e706161c","metadata":{"@type":"type.googleapis.com/google.cloud.functions.v2.OperationMetadata","createTime":"2025-08-26T23:12:53.959135205Z","endTime":"2025-08-26T23:12:54.436321542Z","target":"projects/jetnotify-6f46b/locations/us-central1/functions/addTrip","verb":"update","cancelRequested":false,"apiVersion":"v2","requestResource":{"@type":"type.googleapis.com/google.cloud.functions.v2.Function","name":"projects/jetnotify-6f46b/locations/us-central1/functions/addTrip","buildConfig":{"runtime":"nodejs22","entryPoint":"addTrip","source":{"storageSource":{"bucket":"gcf-v2-sources-914858025485-us-central1","object":"addTrip/function-source.zip","generation":"1756249973862116"}},"environmentVariables":{"GOOGLE_NODE_RUN_SCRIPTS":""},"dockerRepository":"projects/jetnotify-6f46b/locations/us-central1/repositories/gcf-artifacts","sourceProvenance":{"resolvedStorageSource":{"bucket":"gcf-v2-sources-914858025485-us-central1","object":"addTrip/function-source.zip","generation":"1755967588737170"}},"dockerRegistry":"ARTIFACT_REGISTRY","serviceAccount":"projects/jetnotify-6f46b/serviceAccounts/914858025485-compute@developer.gserviceaccount.com","automaticUpdatePolicy":{}},"serviceConfig":{"service":"projects/jetnotify-6f46b/locations/us-central1/services/addtrip","timeoutSeconds":60,"environmentVariables":{"FIREBASE_CONFIG":"{\"projectId\":\"jetnotify-6f46b\",\"storageBucket\":\"jetnotify-6f46b.firebasestorage.app\"}","GCLOUD_PROJECT":"jetnotify-6f46b","EVENTARC_CLOUD_EVENT_SOURCE":"projects/jetnotify-6f46b/locations/us-central1/services/addTrip","FUNCTION_TARGET":"addTrip","LOG_EXECUTION_ID":"true"},"ingressSettings":"ALLOW_ALL","serviceAccountEmail":"914858025485-compute@developer.gserviceaccount.com","availableMemory":"256Mi","maxInstanceRequestConcurrency":80,"availableCpu":"1"},"state":"FAILED","labels":{"deployment-callable":"true","firebase-functions-hash":"73abd0c00de716f2994695457be53c7c88c8922f"},"stateMessages":[{"severity":"ERROR","type":"CloudRunServiceNotFound","message":"Cloud Run service projects/jetnotify-6f46b/locations/us-central1/services/addtrip for the function was not found. The function will not work correctly. Please redeploy."}],"environment":"GEN_2","url":"https://us-central1-jetnotify-6f46b.cloudfunctions.net/addTrip","satisfiesPzi":true},"stages":[{"name":"SERVICE","state":"NOT_STARTED"}],"operationType":"UPDATE_FUNCTION"},"done":true,"error":{"code":3,"message":"Could not build the function due to disabled service account used by Cloud Build. Please make sure that the service account is active. Refer to the following documentation for more details and resolution: https://cloud.google.com/functions/docs/troubleshooting#build-service-account-disabled\nProvided service account (\"projects/jetnotify-6f46b/serviceAccounts/914858025485-compute@developer.gserviceaccount.com\") is disabled: invalid argument\n"}}
[debug] [2025-08-26T23:12:55.004Z] Got source token undefined for region us-central1
[error] Could not build the function due to disabled service account used by Cloud Build. Please make sure that the service account is active. Refer to the following documentation for more details and resolution: https://cloud.google.com/functions/docs/troubleshooting#build-service-account-disabled
Provided service account ("projects/jetnotify-6f46b/serviceAccounts/914858025485-compute@developer.gserviceaccount.com") is disabled: invalid argument

[debug] [2025-08-26T23:12:55.012Z] Total Function Deployment time: 5709
[debug] [2025-08-26T23:12:55.012Z] 2 Functions Deployed
[debug] [2025-08-26T23:12:55.012Z] 2 Functions Errored
[debug] [2025-08-26T23:12:55.012Z] 0 Function Deployments Aborted
[debug] [2025-08-26T23:12:55.012Z] Average Function Deployment time: 4509.5
[info] 
[info] Functions deploy had errors with the following functions:
	addTrip(us-central1)
	getTrips(us-central1)
[debug] [2025-08-26T23:12:55.100Z] Checked if tokens are valid: true, expires at: 1756252400785
[debug] [2025-08-26T23:12:55.100Z] Checked if tokens are valid: true, expires at: 1756252400785
[debug] [2025-08-26T23:12:55.100Z] >>> [apiv2][query] GET https://artifactregistry.googleapis.com/v1/projects/jetnotify-6f46b/locations/us-central1/repositories/gcf-artifacts [none]
[debug] [2025-08-26T23:12:55.539Z] <<< [apiv2][status] GET https://artifactregistry.googleapis.com/v1/projects/jetnotify-6f46b/locations/us-central1/repositories/gcf-artifacts 200
[debug] [2025-08-26T23:12:55.539Z] <<< [apiv2][body] GET https://artifactregistry.googleapis.com/v1/projects/jetnotify-6f46b/locations/us-central1/repositories/gcf-artifacts {"name":"projects/jetnotify-6f46b/locations/us-central1/repositories/gcf-artifacts","format":"DOCKER","description":"This repository is created and used by Cloud Functions for storing function docker images.","labels":{"goog-managed-by":"cloudfunctions"},"createTime":"2025-08-21T23:52:39.832113Z","updateTime":"2025-08-23T15:32:46.439811Z","mode":"STANDARD_REPOSITORY","cleanupPolicies":{"firebase-functions-cleanup":{"id":"firebase-functions-cleanup","action":"DELETE","condition":{"tagState":"ANY","olderThan":"2592000s"}}},"vulnerabilityScanningConfig":{"lastEnableTime":"2025-08-21T23:52:23.137705028Z","enablementState":"SCANNING_DISABLED","enablementStateReason":"API containerscanning.googleapis.com is not enabled."},"satisfiesPzi":true,"registryUri":"us-central1-docker.pkg.dev/jetnotify-6f46b/gcf-artifacts"}
[debug] [2025-08-26T23:12:55.540Z] Functions deploy failed.
[debug] [2025-08-26T23:12:55.540Z] {
  "endpoint": {
    "id": "getTrips",
    "project": "jetnotify-6f46b",
    "region": "us-central1",
    "entryPoint": "getTrips",
    "platform": "gcfv2",
    "runtime": "nodejs22",
    "callableTrigger": {},
    "labels": {
      "deployment-tool": "cli-firebase"
    },
    "serviceAccount": null,
    "ingressSettings": null,
    "availableMemoryMb": null,
    "timeoutSeconds": null,
    "maxInstances": null,
    "minInstances": null,
    "concurrency": 80,
    "vpc": null,
    "environmentVariables": {
      "FIREBASE_CONFIG": "{\"projectId\":\"jetnotify-6f46b\",\"storageBucket\":\"jetnotify-6f46b.firebasestorage.app\"}",
      "GCLOUD_PROJECT": "jetnotify-6f46b",
      "EVENTARC_CLOUD_EVENT_SOURCE": "projects/jetnotify-6f46b/locations/us-central1/services/getTrips"
    },
    "codebase": "default",
    "cpu": 1,
    "targetedByOnly": false,
    "hash": "73abd0c00de716f2994695457be53c7c88c8922f"
  },
  "op": "create",
  "original": {
    "name": "FirebaseError",
    "children": [],
    "exit": 1,
    "message": "Could not build the function due to disabled service account used by Cloud Build. Please make sure that the service account is active. Refer to the following documentation for more details and resolution: https://cloud.google.com/functions/docs/troubleshooting#build-service-account-disabled\nProvided service account (\"projects/jetnotify-6f46b/serviceAccounts/914858025485-compute@developer.gserviceaccount.com\") is disabled: invalid argument\n",
    "original": {
      "code": 3,
      "message": "Could not build the function due to disabled service account used by Cloud Build. Please make sure that the service account is active. Refer to the following documentation for more details and resolution: https://cloud.google.com/functions/docs/troubleshooting#build-service-account-disabled\nProvided service account (\"projects/jetnotify-6f46b/serviceAccounts/914858025485-compute@developer.gserviceaccount.com\") is disabled: invalid argument\n"
    },
    "status": 3,
    "code": 3
  }
}
[debug] [2025-08-26T23:12:55.540Z] {
  "endpoint": {
    "id": "addTrip",
    "project": "jetnotify-6f46b",
    "region": "us-central1",
    "entryPoint": "addTrip",
    "platform": "gcfv2",
    "runtime": "nodejs22",
    "callableTrigger": {},
    "labels": {
      "deployment-tool": "cli-firebase"
    },
    "serviceAccount": null,
    "ingressSettings": null,
    "availableMemoryMb": null,
    "timeoutSeconds": null,
    "maxInstances": null,
    "minInstances": null,
    "concurrency": 80,
    "vpc": null,
    "environmentVariables": {
      "FIREBASE_CONFIG": "{\"projectId\":\"jetnotify-6f46b\",\"storageBucket\":\"jetnotify-6f46b.firebasestorage.app\"}",
      "GCLOUD_PROJECT": "jetnotify-6f46b",
      "EVENTARC_CLOUD_EVENT_SOURCE": "projects/jetnotify-6f46b/locations/us-central1/services/addTrip"
    },
    "codebase": "default",
    "securityLevel": "SECURE_ALWAYS",
    "cpu": 1,
    "targetedByOnly": false,
    "hash": "73abd0c00de716f2994695457be53c7c88c8922f"
  },
  "op": "update",
  "original": {
    "name": "FirebaseError",
    "children": [],
    "exit": 1,
    "message": "Could not build the function due to disabled service account used by Cloud Build. Please make sure that the service account is active. Refer to the following documentation for more details and resolution: https://cloud.google.com/functions/docs/troubleshooting#build-service-account-disabled\nProvided service account (\"projects/jetnotify-6f46b/serviceAccounts/914858025485-compute@developer.gserviceaccount.com\") is disabled: invalid argument\n",
    "original": {
      "code": 3,
      "message": "Could not build the function due to disabled service account used by Cloud Build. Please make sure that the service account is active. Refer to the following documentation for more details and resolution: https://cloud.google.com/functions/docs/troubleshooting#build-service-account-disabled\nProvided service account (\"projects/jetnotify-6f46b/serviceAccounts/914858025485-compute@developer.gserviceaccount.com\") is disabled: invalid argument\n"
    },
    "status": 3,
    "code": 3
  }
}
[error] Error: There was an error deploying functions:
[error] - Error Failed to create function getTrips in region us-central1
[error] - Error Failed to update function addTrip in region us-central1
